TN:
SF:C:\Users\wanzhen\mygithub\angular-md-table\src\index.js
FN:13,(anonymous_1)
FNF:1
FNH:0
FNDA:0,(anonymous_1)
DA:3,1
DA:5,1
DA:7,1
DA:8,1
DA:9,1
DA:11,1
DA:13,1
DA:14,0
LF:8
LH:7
BRDA:8,1,0,1
BRDA:8,1,1,0
BRF:2
BRH:1
end_of_record
TN:
SF:C:\Users\wanzhen\mygithub\angular-md-table\src\vendor.js
FN:7,(anonymous_1)
FNF:1
FNH:1
FNDA:1,(anonymous_1)
DA:3,1
DA:7,1
DA:9,1
DA:12,1
DA:13,1
DA:14,1
DA:15,1
DA:16,1
DA:17,1
DA:18,1
DA:19,1
DA:20,1
DA:21,1
DA:22,1
DA:23,1
DA:24,1
DA:25,1
DA:26,1
DA:27,1
DA:32,1
DA:34,1
DA:36,1
LF:22
LH:22
BRF:0
BRH:0
end_of_record
TN:
SF:C:\Users\wanzhen\mygithub\angular-md-table\src\config\index.js
FN:7,(anonymous_1)
FNF:1
FNH:1
FNDA:1,(anonymous_1)
DA:3,1
DA:7,1
DA:8,1
LF:3
LH:3
BRF:0
BRH:0
end_of_record
TN:
SF:C:\Users\wanzhen\mygithub\angular-md-table\src\config\config.js
FN:7,(anonymous_1)
FN:9,(anonymous_2)
FN:20,controller
FN:26,(anonymous_4)
FN:29,(anonymous_5)
FN:32,(anonymous_6)
FN:50,(anonymous_7)
FNF:7
FNH:1
FNDA:1,(anonymous_1)
FNDA:0,(anonymous_2)
FNDA:0,controller
FNDA:0,(anonymous_4)
FNDA:0,(anonymous_5)
FNDA:0,(anonymous_6)
FNDA:0,(anonymous_7)
DA:3,1
DA:7,1
DA:9,1
DA:10,0
DA:11,0
DA:13,0
DA:15,0
DA:21,0
DA:22,0
DA:23,0
DA:24,0
DA:25,0
DA:26,0
DA:27,0
DA:29,0
DA:30,0
DA:32,0
DA:33,0
DA:34,0
DA:36,0
DA:40,0
DA:50,0
DA:51,0
DA:52,0
DA:53,0
DA:55,0
DA:56,0
DA:57,0
DA:58,0
LF:29
LH:3
BRF:0
BRH:0
end_of_record
TN:
SF:C:\Users\wanzhen\mygithub\angular-md-table\src\submodules.js
FN:7,(anonymous_1)
FNF:1
FNH:1
FNDA:1,(anonymous_1)
DA:3,1
DA:7,1
DA:8,1
LF:3
LH:3
BRF:0
BRH:0
end_of_record
TN:
SF:C:\Users\wanzhen\mygithub\angular-md-table\angular-md-table\index.js
FNF:0
FNH:0
DA:3,1
DA:4,1
DA:7,1
DA:8,1
DA:9,1
LF:5
LH:5
BRDA:3,1,0,1
BRDA:3,1,1,0
BRF:2
BRH:1
end_of_record
TN:
SF:C:\Users\wanzhen\mygithub\angular-md-table\angular-md-table\vendor.js
FN:7,(anonymous_1)
FNF:1
FNH:1
FNDA:1,(anonymous_1)
DA:3,1
DA:7,1
DA:8,1
LF:3
LH:3
BRF:0
BRH:0
end_of_record
TN:
SF:C:\Users\wanzhen\mygithub\angular-md-table\angular-md-table\lib\index.js
FN:7,(anonymous_1)
FNF:1
FNH:1
FNDA:1,(anonymous_1)
DA:3,1
DA:7,1
DA:8,1
DA:9,1
LF:4
LH:4
BRF:0
BRH:0
end_of_record
TN:
SF:C:\Users\wanzhen\mygithub\angular-md-table\angular-md-table\lib\submodules.js
FN:7,(anonymous_1)
FNF:1
FNH:1
FNDA:1,(anonymous_1)
DA:3,1
DA:7,1
DA:8,1
DA:9,1
LF:4
LH:4
BRF:0
BRH:0
end_of_record
TN:
SF:C:\Users\wanzhen\mygithub\angular-md-table\angular-md-table\lib\table\index.js
FN:7,(anonymous_1)
FNF:1
FNH:1
FNDA:1,(anonymous_1)
DA:3,1
DA:7,1
DA:8,1
DA:9,1
DA:10,1
DA:11,1
DA:12,1
DA:13,1
DA:14,1
DA:15,1
DA:16,1
DA:17,1
DA:19,1
DA:21,1
LF:14
LH:14
BRDA:19,1,0,1
BRDA:19,1,1,0
BRF:2
BRH:1
end_of_record
TN:
SF:C:\Users\wanzhen\mygithub\angular-md-table\angular-md-table\lib\table\pagination\index.js
FN:7,(anonymous_1)
FNF:1
FNH:1
FNDA:1,(anonymous_1)
DA:3,1
DA:7,1
DA:8,1
DA:9,1
DA:10,1
DA:11,1
DA:12,1
LF:7
LH:7
BRF:0
BRH:0
end_of_record
TN:
SF:C:\Users\wanzhen\mygithub\angular-md-table\angular-md-table\lib\table\pagination\mobile\index.js
FN:7,(anonymous_1)
FNF:1
FNH:1
FNDA:1,(anonymous_1)
DA:3,1
DA:7,1
DA:8,1
DA:9,1
LF:4
LH:4
BRF:0
BRH:0
end_of_record
TN:
SF:C:\Users\wanzhen\mygithub\angular-md-table\angular-md-table\lib\table\pagination\mobile\pagination-mobile.js
FN:15,_interopRequireDefault
FN:17,(anonymous_2)
FN:18,PaginationMobileController
FN:24,more
FN:29,previous
FN:48,(anonymous_6)
FNF:6
FNH:3
FNDA:2,_interopRequireDefault
FNDA:1,(anonymous_2)
FNDA:0,PaginationMobileController
FNDA:0,more
FNDA:0,previous
FNDA:1,(anonymous_6)
DA:3,1
DA:7,1
DA:9,1
DA:11,1
DA:13,1
DA:15,2
DA:17,1
DA:18,1
DA:19,0
DA:22,1
DA:25,0
DA:30,0
DA:33,1
DA:36,1
DA:48,1
DA:49,1
LF:16
LH:13
BRDA:15,1,0,2
BRDA:15,1,1,0
BRDA:15,2,0,2
BRDA:15,2,1,2
BRF:4
BRH:3
end_of_record
TN:
SF:C:\Users\wanzhen\mygithub\angular-md-table\angular-md-table\lib\table\pagination\desktop\index.js
FN:7,(anonymous_1)
FNF:1
FNH:1
FNDA:1,(anonymous_1)
DA:3,1
DA:7,1
DA:9,1
DA:10,1
LF:4
LH:4
BRF:0
BRH:0
end_of_record
TN:
SF:C:\Users\wanzhen\mygithub\angular-md-table\angular-md-table\lib\table\pagination\desktop\pagination-desktop.js
FN:15,_interopRequireDefault
FN:17,(anonymous_2)
FN:18,PaginationDesktopController
FN:30,printPagination
FN:43,goToPage
FN:56,next
FN:66,previous
FN:85,(anonymous_8)
FNF:8
FNH:3
FNDA:2,_interopRequireDefault
FNDA:1,(anonymous_2)
FNDA:0,PaginationDesktopController
FNDA:0,printPagination
FNDA:0,goToPage
FNDA:0,next
FNDA:0,previous
FNDA:1,(anonymous_8)
DA:3,1
DA:7,1
DA:9,1
DA:11,1
DA:13,1
DA:15,2
DA:17,1
DA:18,1
DA:19,0
DA:28,1
DA:31,0
DA:33,0
DA:44,0
DA:45,0
DA:46,0
DA:57,0
DA:67,0
DA:70,1
DA:73,1
DA:85,1
DA:86,1
LF:21
LH:13
BRDA:15,1,0,2
BRDA:15,1,1,0
BRDA:15,2,0,2
BRDA:15,2,1,2
BRDA:31,3,0,0
BRDA:31,3,1,0
BRDA:31,4,0,0
BRDA:31,4,1,0
BRDA:44,5,0,0
BRDA:44,5,1,0
BRF:10
BRH:3
end_of_record
TN:
SF:C:\Users\wanzhen\mygithub\angular-md-table\angular-md-table\lib\table\pagination\pagination.js
FN:19,_interopRequireDefault
FN:21,(anonymous_2)
FN:25,PaginationController
FN:40,printPagination
FN:55,next
FN:70,previous
FN:86,goToPage
FN:97,more
FN:120,(anonymous_9)
FNF:9
FNH:3
FNDA:3,_interopRequireDefault
FNDA:1,(anonymous_2)
FNDA:0,PaginationController
FNDA:0,printPagination
FNDA:0,next
FNDA:0,previous
FNDA:0,goToPage
FNDA:0,more
FNDA:1,(anonymous_9)
DA:3,1
DA:7,1
DA:9,1
DA:11,1
DA:13,1
DA:15,1
DA:17,1
DA:19,3
DA:21,1
DA:24,1
DA:25,1
DA:26,0
DA:28,0
DA:38,1
DA:41,0
DA:44,0
DA:45,0
DA:46,0
DA:56,0
DA:57,0
DA:60,0
DA:71,0
DA:72,0
DA:75,0
DA:87,0
DA:88,0
DA:98,0
DA:101,1
DA:104,1
DA:120,1
DA:121,1
LF:31
LH:16
BRDA:19,1,0,3
BRDA:19,1,1,0
BRDA:19,2,0,3
BRDA:19,2,1,3
BRDA:41,3,0,0
BRDA:41,3,1,0
BRDA:41,4,0,0
BRDA:41,4,1,0
BRDA:45,5,0,0
BRDA:45,5,1,0
BRDA:46,6,0,0
BRDA:46,6,1,0
BRDA:46,7,0,0
BRDA:46,7,1,0
BRDA:46,8,0,0
BRDA:46,8,1,0
BRDA:46,9,0,0
BRDA:46,9,1,0
BRDA:56,10,0,0
BRDA:56,10,1,0
BRDA:71,11,0,0
BRDA:71,11,1,0
BRF:22
BRH:3
end_of_record
TN:
SF:C:\Users\wanzhen\mygithub\angular-md-table\angular-md-table\lib\table\pagination\pagination.model.js
FN:13,PaginationModel
FN:16,PaginationModel
FN:41,(anonymous_3)
FN:51,(anonymous_4)
FN:59,(anonymous_5)
FN:67,(anonymous_6)
FN:88,(anonymous_7)
FN:114,(anonymous_8)
FNF:8
FNH:1
FNDA:0,PaginationModel
FNDA:0,PaginationModel
FNDA:0,(anonymous_3)
FNDA:0,(anonymous_4)
FNDA:0,(anonymous_5)
FNDA:0,(anonymous_6)
FNDA:0,(anonymous_7)
FNDA:1,(anonymous_8)
DA:3,1
DA:13,1
DA:15,0
DA:16,1
DA:17,0
DA:18,0
DA:19,0
DA:20,0
DA:21,0
DA:22,0
DA:24,0
DA:25,0
DA:26,0
DA:27,0
DA:28,0
DA:29,0
DA:30,0
DA:31,0
DA:33,0
DA:41,0
DA:42,0
DA:43,0
DA:51,0
DA:52,0
DA:59,0
DA:60,0
DA:67,0
DA:69,0
DA:71,0
DA:72,0
DA:74,0
DA:77,0
DA:78,0
DA:80,0
DA:88,0
DA:90,0
DA:91,0
DA:94,0
DA:95,0
DA:98,0
DA:99,0
DA:102,0
DA:103,0
DA:105,0
DA:106,0
DA:110,0
DA:112,1
DA:114,1
DA:115,1
LF:49
LH:6
BRDA:24,1,0,0
BRDA:24,1,1,0
BRDA:25,2,0,0
BRDA:25,2,1,0
BRDA:26,3,0,0
BRDA:26,3,1,0
BRDA:27,4,0,0
BRDA:27,4,1,0
BRDA:28,5,0,0
BRDA:28,5,1,0
BRDA:29,6,0,0
BRDA:29,6,1,0
BRDA:42,7,0,0
BRDA:42,7,1,0
BRDA:43,8,0,0
BRDA:43,8,1,0
BRDA:71,9,0,0
BRDA:71,9,1,0
BRDA:74,10,0,0
BRDA:74,10,1,0
BRDA:77,11,0,0
BRDA:77,11,1,0
BRDA:78,12,0,0
BRDA:78,12,1,0
BRDA:90,13,0,0
BRDA:90,13,1,0
BRDA:94,14,0,0
BRDA:94,14,1,0
BRDA:98,15,0,0
BRDA:98,15,1,0
BRDA:102,16,0,0
BRDA:102,16,1,0
BRF:32
BRH:0
end_of_record
TN:
SF:C:\Users\wanzhen\mygithub\angular-md-table\angular-md-table\lib\table\actions\index.js
FN:7,(anonymous_1)
FNF:1
FNH:1
FNDA:1,(anonymous_1)
DA:3,1
DA:7,1
DA:9,1
DA:10,1
LF:4
LH:4
BRF:0
BRH:0
end_of_record
TN:
SF:C:\Users\wanzhen\mygithub\angular-md-table\angular-md-table\lib\table\actions\action\index.js
FN:7,(anonymous_1)
FNF:1
FNH:1
FNDA:1,(anonymous_1)
DA:3,1
DA:7,1
DA:8,1
LF:3
LH:3
BRF:0
BRH:0
end_of_record
TN:
SF:C:\Users\wanzhen\mygithub\angular-md-table\angular-md-table\lib\table\actions\action\action.js
FN:15,_interopRequireDefault
FN:17,(anonymous_2)
FN:21,ActionController
FN:35,action
FN:48,shouldDisplay
FN:66,showButtonOrText
FN:100,(anonymous_7)
FNF:7
FNH:3
FNDA:2,_interopRequireDefault
FNDA:1,(anonymous_2)
FNDA:0,ActionController
FNDA:0,action
FNDA:0,shouldDisplay
FNDA:0,showButtonOrText
FNDA:1,(anonymous_7)
DA:3,1
DA:7,1
DA:9,1
DA:11,1
DA:13,1
DA:15,2
DA:17,1
DA:20,1
DA:21,1
DA:22,0
DA:24,0
DA:33,1
DA:36,0
DA:37,0
DA:38,0
DA:50,0
DA:51,0
DA:54,0
DA:55,0
DA:56,0
DA:68,0
DA:70,0
DA:71,0
DA:72,0
DA:74,0
DA:77,0
DA:81,1
DA:84,1
DA:100,1
DA:101,1
LF:30
LH:14
BRDA:15,1,0,2
BRDA:15,1,1,0
BRDA:15,2,0,2
BRDA:15,2,1,2
BRDA:50,3,0,0
BRDA:50,3,1,0
BRDA:70,4,0,0
BRDA:70,4,1,0
BRDA:71,5,0,0
BRDA:71,5,1,0
BRF:10
BRH:3
end_of_record
TN:
SF:C:\Users\wanzhen\mygithub\angular-md-table\angular-md-table\lib\table\actions\actions.js
FN:12,(anonymous_1)
FNF:1
FNH:1
FNDA:1,(anonymous_1)
DA:3,1
DA:6,1
DA:12,1
DA:13,1
LF:4
LH:4
BRF:0
BRH:0
end_of_record
TN:
SF:C:\Users\wanzhen\mygithub\angular-md-table\angular-md-table\lib\table\table-item\index.js
FN:7,(anonymous_1)
FNF:1
FNH:1
FNDA:1,(anonymous_1)
DA:3,1
DA:7,1
DA:10,1
DA:11,1
DA:12,1
LF:5
LH:5
BRF:0
BRH:0
end_of_record
TN:
SF:C:\Users\wanzhen\mygithub\angular-md-table\angular-md-table\lib\table\table-item\mobile\index.js
FN:7,(anonymous_1)
FNF:1
FNH:1
FNDA:1,(anonymous_1)
DA:3,1
DA:7,1
DA:8,1
DA:9,1
LF:4
LH:4
BRF:0
BRH:0
end_of_record
TN:
SF:C:\Users\wanzhen\mygithub\angular-md-table\angular-md-table\lib\table\table-item\mobile\mobile-item.js
FN:15,_interopRequireDefault
FN:17,(anonymous_2)
FN:18,MobileItemController
FN:30,getExcludedKeys
FN:35,getPipes
FN:58,(anonymous_6)
FNF:6
FNH:3
FNDA:2,_interopRequireDefault
FNDA:1,(anonymous_2)
FNDA:0,MobileItemController
FNDA:0,getExcludedKeys
FNDA:0,getPipes
FNDA:1,(anonymous_6)
DA:3,1
DA:7,1
DA:9,1
DA:11,1
DA:13,1
DA:15,2
DA:17,1
DA:18,1
DA:19,0
DA:28,1
DA:31,0
DA:36,0
DA:39,1
DA:42,1
DA:58,1
DA:61,1
LF:16
LH:13
BRDA:15,1,0,2
BRDA:15,1,1,0
BRDA:15,2,0,2
BRDA:15,2,1,2
BRF:4
BRH:3
end_of_record
TN:
SF:C:\Users\wanzhen\mygithub\angular-md-table\angular-md-table\lib\table\table-item\desktop\index.js
FN:7,(anonymous_1)
FNF:1
FNH:1
FNDA:1,(anonymous_1)
DA:3,1
DA:7,1
DA:8,1
DA:9,1
LF:4
LH:4
BRF:0
BRH:0
end_of_record
TN:
SF:C:\Users\wanzhen\mygithub\angular-md-table\angular-md-table\lib\table\table-item\desktop\desktop-item.js
FN:15,_interopRequireDefault
FN:17,(anonymous_2)
FN:18,DesktopItemController
FN:24,getExcludedKeys
FN:29,getPipes
FN:34,shouldHaveHoverEffet
FN:56,(anonymous_7)
FNF:7
FNH:3
FNDA:2,_interopRequireDefault
FNDA:1,(anonymous_2)
FNDA:0,DesktopItemController
FNDA:0,getExcludedKeys
FNDA:0,getPipes
FNDA:0,shouldHaveHoverEffet
FNDA:1,(anonymous_7)
DA:3,1
DA:7,1
DA:9,1
DA:11,1
DA:13,1
DA:15,2
DA:17,1
DA:18,1
DA:19,0
DA:22,1
DA:25,0
DA:30,0
DA:35,0
DA:38,1
DA:41,1
DA:56,1
DA:57,1
LF:17
LH:13
BRDA:15,1,0,2
BRDA:15,1,1,0
BRDA:15,2,0,2
BRDA:15,2,1,2
BRF:4
BRH:3
end_of_record
TN:
SF:C:\Users\wanzhen\mygithub\angular-md-table\angular-md-table\lib\table\table-item\table-item.js
FN:15,_interopRequireDefault
FN:17,(anonymous_2)
FN:21,TtmdTableItemController
FN:29,getSelectedItem
FN:52,(anonymous_5)
FNF:5
FNH:3
FNDA:2,_interopRequireDefault
FNDA:1,(anonymous_2)
FNDA:0,TtmdTableItemController
FNDA:0,getSelectedItem
FNDA:1,(anonymous_5)
DA:3,1
DA:7,1
DA:9,1
DA:11,1
DA:13,1
DA:15,2
DA:17,1
DA:20,1
DA:21,1
DA:22,0
DA:24,0
DA:27,1
DA:30,0
DA:33,1
DA:36,1
DA:52,1
DA:53,1
LF:17
LH:14
BRDA:15,1,0,2
BRDA:15,1,1,0
BRDA:15,2,0,2
BRDA:15,2,1,2
BRF:4
BRH:3
end_of_record
TN:
SF:C:\Users\wanzhen\mygithub\angular-md-table\angular-md-table\lib\table\detail-view\index.js
FN:7,(anonymous_1)
FNF:1
FNH:1
FNDA:1,(anonymous_1)
DA:3,1
DA:7,1
DA:8,1
DA:9,1
LF:4
LH:4
BRF:0
BRH:0
end_of_record
TN:
SF:C:\Users\wanzhen\mygithub\angular-md-table\angular-md-table\lib\table\detail-view\detail-view.js
FN:15,_interopRequireDefault
FN:17,(anonymous_2)
FN:18,DetailViewController
FN:29,closeDetailView
FN:47,(anonymous_5)
FNF:5
FNH:3
FNDA:2,_interopRequireDefault
FNDA:1,(anonymous_2)
FNDA:0,DetailViewController
FNDA:0,closeDetailView
FNDA:1,(anonymous_5)
DA:3,1
DA:7,1
DA:9,1
DA:11,1
DA:13,1
DA:15,2
DA:17,1
DA:18,1
DA:19,0
DA:27,1
DA:30,0
DA:33,1
DA:36,1
DA:47,1
DA:48,1
LF:15
LH:13
BRDA:15,1,0,2
BRDA:15,1,1,0
BRDA:15,2,0,2
BRDA:15,2,1,2
BRF:4
BRH:3
end_of_record
TN:
SF:C:\Users\wanzhen\mygithub\angular-md-table\angular-md-table\lib\table\ttmd-animation.js
FN:7,(anonymous_1)
FN:8,(anonymous_2)
FN:11,enter
FN:27,leave
FNF:4
FNH:1
FNDA:1,(anonymous_1)
FNDA:0,(anonymous_2)
FNDA:0,enter
FNDA:0,leave
DA:3,1
DA:7,1
DA:8,1
DA:10,0
DA:12,0
DA:13,0
DA:28,0
DA:29,0
LF:8
LH:3
BRF:0
BRH:0
end_of_record
TN:
SF:C:\Users\wanzhen\mygithub\angular-md-table\angular-md-table\lib\table\ttmd-table.js
FN:15,_interopRequireDefault
FN:17,(anonymous_2)
FN:21,TtmdTableController
FN:50,hasTransclude
FN:61,getLimitTo
FN:77,getOrderBy
FN:91,goMobile
FN:102,updateList
FN:123,showDetail
FN:141,getPipes
FN:156,toggleDetail
FN:172,shouldHighlightRow
FN:188,getDefaultMessage
FN:199,shouldShowPagination
FN:214,shouldShownAccordion
FN:224,toggleAccordionState
FN:262,(anonymous_17)
FNF:17
FNH:3
FNDA:2,_interopRequireDefault
FNDA:1,(anonymous_2)
FNDA:0,TtmdTableController
FNDA:0,hasTransclude
FNDA:0,getLimitTo
FNDA:0,getOrderBy
FNDA:0,goMobile
FNDA:0,updateList
FNDA:0,showDetail
FNDA:0,getPipes
FNDA:0,toggleDetail
FNDA:0,shouldHighlightRow
FNDA:0,getDefaultMessage
FNDA:0,shouldShowPagination
FNDA:0,shouldShownAccordion
FNDA:0,toggleAccordionState
FNDA:1,(anonymous_17)
DA:3,1
DA:7,1
DA:9,1
DA:11,1
DA:13,1
DA:15,2
DA:17,1
DA:20,1
DA:21,1
DA:22,0
DA:25,0
DA:26,0
DA:27,0
DA:28,0
DA:29,0
DA:31,0
DA:39,0
DA:48,1
DA:51,0
DA:63,0
DA:64,0
DA:67,0
DA:78,0
DA:79,0
DA:81,0
DA:92,0
DA:103,0
DA:104,0
DA:105,0
DA:106,0
DA:112,0
DA:124,0
DA:125,0
DA:126,0
DA:127,0
DA:130,0
DA:131,0
DA:142,0
DA:143,0
DA:145,0
DA:157,0
DA:158,0
DA:160,0
DA:173,0
DA:174,0
DA:176,0
DA:189,0
DA:200,0
DA:201,0
DA:203,0
DA:216,0
DA:217,0
DA:220,0
DA:225,0
DA:226,0
DA:230,1
DA:233,1
DA:262,1
DA:263,1
LF:59
LH:14
BRDA:15,1,0,2
BRDA:15,1,1,0
BRDA:15,2,0,2
BRDA:15,2,1,2
BRDA:63,3,0,0
BRDA:63,3,1,0
BRDA:78,4,0,0
BRDA:78,4,1,0
BRDA:125,5,0,0
BRDA:125,5,1,0
BRDA:142,6,0,0
BRDA:142,6,1,0
BRDA:157,7,0,0
BRDA:157,7,1,0
BRDA:173,8,0,0
BRDA:173,8,1,0
BRDA:189,9,0,0
BRDA:189,9,1,0
BRDA:200,10,0,0
BRDA:200,10,1,0
BRDA:201,11,0,0
BRDA:201,11,1,0
BRDA:216,12,0,0
BRDA:216,12,1,0
BRDA:220,13,0,0
BRDA:220,13,1,0
BRDA:225,14,0,0
BRDA:225,14,1,0
BRF:28
BRH:3
end_of_record
TN:
SF:C:\Users\wanzhen\mygithub\angular-md-table\angular-md-table\lib\table\ttmdTable.provider.js
FN:19,_interopRequireDefault
FN:21,ttMdTableProvider
FN:46,isMobileValidate
FN:47,(anonymous_4)
FN:58,isLimitsValidate
FN:74,isMessageTypeValidate
FN:88,setForceMobile
FN:96,setMobile
FN:108,setLimits
FN:120,setMessage
FN:128,setEnableAccordion
FN:137,setConfig
FN:160,$get
FN:162,isForceMobile
FN:169,getMobile
FN:176,getLimits
FN:183,getMessage
FN:190,getEnableAccordion
FN:202,(anonymous_19)
FNF:19
FNH:3
FNDA:3,_interopRequireDefault
FNDA:2,ttMdTableProvider
FNDA:0,isMobileValidate
FNDA:0,(anonymous_4)
FNDA:0,isLimitsValidate
FNDA:0,isMessageTypeValidate
FNDA:0,setForceMobile
FNDA:0,setMobile
FNDA:0,setLimits
FNDA:0,setMessage
FNDA:0,setEnableAccordion
FNDA:0,setConfig
FNDA:0,$get
FNDA:0,isForceMobile
FNDA:0,getMobile
FNDA:0,getLimits
FNDA:0,getMessage
FNDA:0,getEnableAccordion
FNDA:1,(anonymous_19)
DA:3,1
DA:7,1
DA:9,1
DA:11,1
DA:13,1
DA:15,1
DA:17,1
DA:19,3
DA:21,1
DA:23,2
DA:38,2
DA:46,1
DA:47,0
DA:48,0
DA:58,1
DA:59,0
DA:61,0
DA:62,0
DA:64,0
DA:74,1
DA:75,0
DA:77,0
DA:78,0
DA:80,0
DA:88,1
DA:89,0
DA:96,1
DA:97,0
DA:98,0
DA:100,0
DA:108,1
DA:109,0
DA:110,0
DA:112,0
DA:120,1
DA:121,0
DA:122,0
DA:124,0
DA:128,1
DA:129,0
DA:130,0
DA:132,0
DA:136,2
DA:138,0
DA:139,0
DA:140,0
DA:143,0
DA:144,0
DA:147,0
DA:148,0
DA:151,0
DA:152,0
DA:155,0
DA:156,0
DA:161,0
DA:163,0
DA:164,0
DA:166,0
DA:170,0
DA:171,0
DA:173,0
DA:177,0
DA:178,0
DA:180,0
DA:184,0
DA:185,0
DA:187,0
DA:191,0
DA:192,0
DA:194,0
DA:202,1
DA:203,1
LF:72
LH:22
BRDA:19,1,0,3
BRDA:19,1,1,0
BRDA:19,2,0,3
BRDA:19,2,1,3
BRDA:61,3,0,0
BRDA:61,3,1,0
BRDA:77,4,0,0
BRDA:77,4,1,0
BRDA:97,5,0,0
BRDA:97,5,1,0
BRDA:109,6,0,0
BRDA:109,6,1,0
BRDA:121,7,0,0
BRDA:121,7,1,0
BRDA:129,8,0,0
BRDA:129,8,1,0
BRDA:138,9,0,0
BRDA:138,9,1,0
BRDA:139,10,0,0
BRDA:139,10,1,0
BRDA:143,11,0,0
BRDA:143,11,1,0
BRDA:147,12,0,0
BRDA:147,12,1,0
BRDA:151,13,0,0
BRDA:151,13,1,0
BRDA:155,14,0,0
BRDA:155,14,1,0
BRDA:163,15,0,0
BRDA:163,15,1,0
BRDA:170,16,0,0
BRDA:170,16,1,0
BRDA:177,17,0,0
BRDA:177,17,1,0
BRDA:178,18,0,0
BRDA:178,18,1,0
BRDA:184,19,0,0
BRDA:184,19,1,0
BRDA:185,20,0,0
BRDA:185,20,1,0
BRDA:191,21,0,0
BRDA:191,21,1,0
BRF:42
BRH:3
end_of_record
TN:
SF:C:\Users\wanzhen\mygithub\angular-md-table\angular-md-table\lib\table\ttmdTable.filter.js
FN:11,_interopRequireDefault
FN:13,(anonymous_2)
FN:15,(anonymous_3)
FN:17,(anonymous_4)
FN:22,(anonymous_5)
FN:33,(anonymous_6)
FN:35,(anonymous_7)
FN:36,(anonymous_8)
FN:50,(anonymous_9)
FNF:9
FNH:5
FNDA:1,_interopRequireDefault
FNDA:1,(anonymous_2)
FNDA:2,(anonymous_3)
FNDA:2,(anonymous_4)
FNDA:6,(anonymous_5)
FNDA:0,(anonymous_6)
FNDA:0,(anonymous_7)
FNDA:0,(anonymous_8)
FNDA:0,(anonymous_9)
DA:3,1
DA:7,1
DA:9,1
DA:11,1
DA:13,1
DA:15,1
DA:17,2
DA:19,2
DA:20,2
DA:22,2
DA:23,6
DA:24,1
DA:26,5
DA:27,5
DA:33,1
DA:35,0
DA:36,0
DA:38,0
DA:43,0
DA:44,0
DA:46,0
DA:47,0
DA:50,0
DA:51,0
DA:52,0
DA:53,0
DA:54,0
DA:56,0
DA:59,0
DA:60,0
DA:64,0
LF:31
LH:15
BRDA:11,1,0,1
BRDA:11,1,1,0
BRDA:11,2,0,1
BRDA:11,2,1,1
BRDA:19,3,0,2
BRDA:19,3,1,0
BRDA:23,4,0,1
BRDA:23,4,1,5
BRDA:46,5,0,0
BRDA:46,5,1,0
BRDA:53,6,0,0
BRDA:53,6,1,0
BRDA:53,7,0,0
BRDA:53,7,1,0
BRDA:59,8,0,0
BRDA:59,8,1,0
BRF:16
BRH:6
end_of_record
TN:
SF:C:\Users\wanzhen\mygithub\angular-md-table\angular-md-table\lib\table\ttmdTable.constants.js
FN:7,(anonymous_1)
FNF:1
FNH:1
FNDA:1,(anonymous_1)
DA:3,1
DA:7,1
DA:8,1
LF:3
LH:3
BRF:0
BRH:0
end_of_record
TN:
SF:C:\Users\wanzhen\mygithub\angular-md-table\angular-md-table\lib\table\ttmdTable.filter.test.js
FN:7,(anonymous_1)
FN:8,(anonymous_2)
FN:12,(anonymous_3)
FN:24,(anonymous_4)
FN:26,(anonymous_5)
FN:39,(anonymous_6)
FNF:6
FNH:6
FNDA:1,(anonymous_1)
FNDA:1,(anonymous_2)
FNDA:2,(anonymous_3)
FNDA:1,(anonymous_4)
FNDA:1,(anonymous_5)
FNDA:1,(anonymous_6)
DA:3,1
DA:7,1
DA:8,1
DA:10,1
DA:11,1
DA:12,1
DA:15,2
DA:24,1
DA:26,1
DA:27,1
DA:34,1
DA:35,1
DA:36,1
DA:39,1
DA:40,1
DA:46,1
LF:16
LH:16
BRF:0
BRH:0
end_of_record
TN:
SF:C:\Users\wanzhen\mygithub\angular-md-table\angular-md-table\lib\config.js
FN:7,(anonymous_1)
FN:9,(anonymous_2)
FNF:2
FNH:2
FNDA:1,(anonymous_1)
FNDA:2,(anonymous_2)
DA:3,1
DA:7,1
DA:9,1
DA:10,2
DA:11,2
LF:5
LH:5
BRF:0
BRH:0
end_of_record
